[    2026ms] [WARNING] <meta name="apple-mobile-web-app-capable" content="yes"> is deprecated. Please include <meta name="mobile-web-app-capable" content="yes"> @ https://zero.zxqconsulting.com/admin:0
[  832010ms] [WARNING] <meta name="apple-mobile-web-app-capable" content="yes"> is deprecated. Please include <meta name="mobile-web-app-capable" content="yes"> @ https://zero.zxqconsulting.com/admin:0
[  837203ms] [ERROR] Failed to load resource: the server responded with a status of 404 () @ https://zero-production-4a85.up.railway.app/api/api/admin/login:0
[  838496ms] [ERROR] Failed to load resource: the server responded with a status of 404 () @ https://zero-production-4a85.up.railway.app/api/api/admin/login:0
[  840051ms] [ERROR] Failed to load resource: the server responded with a status of 404 () @ https://zero-production-4a85.up.railway.app/api/api/admin/login:0
[  882193ms] [ERROR] Failed to load resource: the server responded with a status of 404 () @ https://zero-production-4a85.up.railway.app/api/api/admin/login:0
[  890137ms] [ERROR] Failed to load resource: the server responded with a status of 404 () @ https://zero-production-4a85.up.railway.app/api/api/admin/login:0
[  893891ms] [ERROR] Failed to load resource: the server responded with a status of 404 () @ https://zero-production-4a85.up.railway.app/api/api/admin/login:0
[  917789ms] [ERROR] Failed to load resource: the server responded with a status of 404 () @ https://zero-production-4a85.up.railway.app/api/api/admin/login:0
[  928937ms] [ERROR] Failed to load resource: the server responded with a status of 404 () @ https://zero-production-4a85.up.railway.app/api/api/admin/login:0
[  932262ms] [ERROR] Failed to load resource: the server responded with a status of 404 () @ https://zero-production-4a85.up.railway.app/api/api/admin/login:0
[  933593ms] [ERROR] Failed to load resource: the server responded with a status of 404 () @ https://zero-production-4a85.up.railway.app/api/api/admin/login:0
[  955250ms] [WARNING] <meta name="apple-mobile-web-app-capable" content="yes"> is deprecated. Please include <meta name="mobile-web-app-capable" content="yes"> @ https://zero.zxqconsulting.com/admin:0
[  961174ms] [WARNING] <meta name="apple-mobile-web-app-capable" content="yes"> is deprecated. Please include <meta name="mobile-web-app-capable" content="yes"> @ https://zero.zxqconsulting.com/admin:0
[  963016ms] [WARNING] <meta name="apple-mobile-web-app-capable" content="yes"> is deprecated. Please include <meta name="mobile-web-app-capable" content="yes"> @ https://zero.zxqconsulting.com/admin:0
[ 1008930ms] [ERROR] Failed to load resource: the server responded with a status of 404 () @ https://zero-production-4a85.up.railway.app/api/api/admin/login:0
[ 1012043ms] [ERROR] Failed to load resource: the server responded with a status of 404 () @ https://zero-production-4a85.up.railway.app/api/api/admin/login:0
[ 1013193ms] [ERROR] Failed to load resource: the server responded with a status of 404 () @ https://zero-production-4a85.up.railway.app/api/api/admin/login:0
[ 1013746ms] [ERROR] Failed to load resource: the server responded with a status of 404 () @ https://zero-production-4a85.up.railway.app/api/api/admin/login:0
[ 1014862ms] [ERROR] Failed to load resource: the server responded with a status of 404 () @ https://zero-production-4a85.up.railway.app/api/api/admin/login:0
[ 1037256ms] [WARNING] <meta name="apple-mobile-web-app-capable" content="yes"> is deprecated. Please include <meta name="mobile-web-app-capable" content="yes"> @ https://zero.zxqconsulting.com/admin:0
[ 1044479ms] [WARNING] <meta name="apple-mobile-web-app-capable" content="yes"> is deprecated. Please include <meta name="mobile-web-app-capable" content="yes"> @ https://zero.zxqconsulting.com/admin:0
[ 1054770ms] [ERROR] Failed to load resource: the server responded with a status of 404 () @ https://zero-production-4a85.up.railway.app/api/api/admin/login:0
[ 1057709ms] [ERROR] Failed to load resource: the server responded with a status of 404 () @ https://zero-production-4a85.up.railway.app/api/api/admin/login:0
[ 1059168ms] [ERROR] Failed to load resource: the server responded with a status of 404 () @ https://zero-production-4a85.up.railway.app/api/api/admin/login:0
